Arguments: 
  /usr/local/bin/node /usr/local/Cellar/yarn/1.10.1/libexec/bin/yarn.js add acorn acorn.jsx axios babel-core babel-loader

PATH: 
  /Users/jasonoverby/.rbenv/shims:/Users/jasonoverby/.rbenv/bin:/Users/jasonoverby/.rbenv/shims:/Users/jasonoverby/.cargo/bin:/usr/local/bin:/usr/bin:/bin:/usr/sbin:/sbin:/usr/local/bin:/Users/jasonoverby/.fzf/bin

Yarn version: 
  1.10.1

Node version: 
  10.13.0

Platform: 
  darwin x64

Trace: 
  Error: https://registry.yarnpkg.com/acorn.jsx: Not found
      at Request.params.callback [as _callback] (/usr/local/Cellar/yarn/1.10.1/libexec/lib/cli.js:61073:18)
      at Request.self.callback (/usr/local/Cellar/yarn/1.10.1/libexec/lib/cli.js:120166:22)
      at Request.emit (events.js:182:13)
      at Request.<anonymous> (/usr/local/Cellar/yarn/1.10.1/libexec/lib/cli.js:121138:10)
      at Request.emit (events.js:182:13)
      at IncomingMessage.<anonymous> (/usr/local/Cellar/yarn/1.10.1/libexec/lib/cli.js:121060:12)
      at Object.onceWrapper (events.js:273:13)
      at IncomingMessage.emit (events.js:187:15)
      at endReadableNT (_stream_readable.js:1094:12)
      at process._tickCallback (internal/process/next_tick.js:63:19)

npm manifest: 
  {
    "name": "walmart-api",
    "version": "1.0.0",
    "description": "React views for a Hapi API to display Walmart products",
    "main": "server.js",
    "scripts": {
      "start": "webpack --config webpack.js && node server",
      "test": "jest"
    },
    "author": "Jason Overby <j@jasonoverby.com> (http://www.jasonoverby.com/)",
    "license": "MIT",
    "jest": {
      "testEnvironment": "node"
    }
  }

yarn manifest: 
  No manifest

Lockfile: 
  No lockfile
